<?xml version="1.0" encoding="windows-1252" standalone="no"?>
<!DOCTYPE log SYSTEM "logger.dtd">
<log>
<record>
  <date>2020-04-08T17:20:33.817275300Z</date>
  <millis>1586366433817</millis>
  <nanos>275300</nanos>
  <sequence>0</sequence>
  <logger>seedu.dietmanager.commons.core.LogsCentre</logger>
  <level>INFO</level>
  <class>seedu.dietmanager.commons.core.LogsCentre</class>
  <method>writeInfoLog</method>
  <thread>1</thread>
  <message>Existing Directory found: data</message>
</record>
<record>
  <date>2020-04-08T17:20:33.918715400Z</date>
  <millis>1586366433918</millis>
  <nanos>715400</nanos>
  <sequence>1</sequence>
  <logger>seedu.dietmanager.commons.core.LogsCentre</logger>
  <level>INFO</level>
  <class>seedu.dietmanager.commons.core.LogsCentre</class>
  <method>writeInfoLog</method>
  <thread>1</thread>
  <message>Existing Profile found: profile.txt</message>
</record>
<record>
  <date>2020-04-08T17:20:33.932104500Z</date>
  <millis>1586366433932</millis>
  <nanos>104500</nanos>
  <sequence>2</sequence>
  <logger>seedu.dietmanager.commons.core.LogsCentre</logger>
  <level>INFO</level>
  <class>seedu.dietmanager.commons.core.LogsCentre</class>
  <method>writeInfoLog</method>
  <thread>1</thread>
  <message>Profile Information Invalid, Profile cleared.</message>
</record>
<record>
  <date>2020-04-08T17:20:33.935245800Z</date>
  <millis>1586366433935</millis>
  <nanos>245800</nanos>
  <sequence>3</sequence>
  <logger>seedu.dietmanager.commons.core.LogsCentre</logger>
  <level>INFO</level>
  <class>seedu.dietmanager.commons.core.LogsCentre</class>
  <method>writeInfoLog</method>
  <thread>1</thread>
  <message>Existing Food Nutrition Record found: food-nutrition-record.txt</message>
</record>
<record>
  <date>2020-04-08T17:20:33.943613600Z</date>
  <millis>1586366433943</millis>
  <nanos>613600</nanos>
  <sequence>4</sequence>
  <logger>seedu.dietmanager.commons.core.LogsCentre</logger>
  <level>INFO</level>
  <class>seedu.dietmanager.commons.core.LogsCentre</class>
  <method>logExecuteProgramme</method>
  <thread>1</thread>
  <message>Starting Diet Manager</message>
</record>
