<?xml version="1.0" encoding="windows-1252" standalone="no"?>
<!DOCTYPE log SYSTEM "logger.dtd">
<log>
<record>
  <date>2020-03-15T11:09:07.696015600Z</date>
  <millis>1584270547696</millis>
  <nanos>15600</nanos>
  <sequence>0</sequence>
  <logger>seedu.duke.Duke</logger>
  <level>INFO</level>
  <class>seedu.duke.Duke</class>
  <method>main</method>
  <thread>1</thread>
  <message>Starting Diet Manager</message>
</record>
<record>
  <date>2020-03-15T11:09:25.129788300Z</date>
  <millis>1584270565129</millis>
  <nanos>788300</nanos>
  <sequence>1</sequence>
  <logger>seedu.duke.Duke</logger>
  <level>INFO</level>
  <class>seedu.duke.Duke</class>
  <method>main</method>
  <thread>1</thread>
  <message>Exiting Diet Manager</message>
</record>
</log>
