Mar 17, 2020 1:07:27 AM seedu.duke.Duke setupLogger
SEVERE: File logger not working.
java.io.IOException: couldn't read file
	at seedu.duke.Duke.setupLogger(Duke.java:70)
	at seedu.duke.Duke.run(Duke.java:40)
	at seedu.duke.Duke.main(Duke.java:80)

Mar 17, 2020 1:07:59 AM seedu.duke.Duke run
WARNING: Input Error: invalid command
Please enter your command again!
Mar 17, 2020 1:08:39 AM seedu.duke.Duke run
WARNING: Input Error: invalid command
Please enter your command again!
Mar 19, 2020 6:22:52 PM seedu.duke.Duke run
WARNING: Input Error: invalid command
Please enter your command again!
Mar 19, 2020 6:23:09 PM seedu.duke.Duke run
WARNING: Input Error: invalid command
Please enter your command again!
Mar 19, 2020 6:23:50 PM seedu.duke.Duke run
WARNING: Input Error: invalid command
Please enter your command again!
Mar 19, 2020 7:27:57 PM seedu.duke.Duke run
WARNING: Input Error: invalid 'done' command
Please enter your command again! Format:
done n/NAME s/SEMESTER | done id/ID s/SEMESTER
Mar 21, 2020 11:14:43 PM seedu.duke.Duke run
WARNING: Input Error: invalid command
Please enter your command again!
Mar 21, 2020 11:52:32 PM seedu.duke.Duke run
WARNING: Input Error: invalid command
Please enter your command again!
Mar 25, 2020 11:00:18 AM seedu.duke.Duke run
WARNING: Input Error: invalid command
Please enter your command again!
Mar 25, 2020 11:00:22 AM seedu.duke.Duke run
WARNING: Input Error: invalid command
Please enter your command again!
Mar 27, 2020 1:59:15 PM seedu.duke.Duke run
WARNING: Some thing wrong when saving.
Mar 27, 2020 1:59:23 PM seedu.duke.Duke run
WARNING: Some thing wrong when saving.
Mar 27, 2020 2:13:51 PM seedu.duke.Duke run
WARNING: Input Error: invalid command
Please enter your command again!
Mar 27, 2020 2:14:32 PM seedu.duke.Duke run
WARNING: Runtime Error: The module is already exist in your semester list!
Please enter your command again!
Mar 27, 2020 2:14:39 PM seedu.duke.Duke run
WARNING: Input Error: invalid command
Please enter your command again!
Mar 27, 2020 3:07:34 PM seedu.duke.Duke run
WARNING: Input Error: invalid command
Please enter your command again!
Mar 27, 2020 3:24:14 PM seedu.duke.Duke run
WARNING: Input Error: invalid command
Please enter your command again!
Mar 27, 2020 4:01:17 PM seedu.duke.Duke run
WARNING: Input Error: invalid 'delete' command to delete from Available Modules
Please enter your command again! Format:
delete id/ID OR delete n/NAME
Mar 27, 2020 4:01:31 PM seedu.duke.Duke run
WARNING: Runtime Error: Module CS2030 cannot be deleted because it is a prerequisite to other modules.
Please enter your command again!
Mar 27, 2020 5:05:09 PM seedu.duke.Duke run
WARNING: Runtime Error: module not found
Please enter your command again!
Mar 27, 2020 5:42:21 PM seedu.duke.Duke run
WARNING: Input Error: invalid 'add' command
Please enter your command again! Format:
add id/ID n/NAME mc/MODULE_CREDIT pre/PREREQMODULES
Mar 27, 2020 5:43:07 PM seedu.duke.Duke run
WARNING: Input Error: invalid 'add' command
Please enter your command again! Format:
add id/ID n/NAME mc/MODULE_CREDIT pre/PREREQMODULES
Mar 27, 2020 5:43:10 PM seedu.duke.Duke run
WARNING: Input Error: invalid 'add' command
Please enter your command again! Format:
add id/ID n/NAME mc/MODULE_CREDIT pre/PREREQMODULES
Mar 27, 2020 5:43:18 PM seedu.duke.Duke run
WARNING: Input Error: invalid 'add' command
Please enter your command again! Format:
add id/ID n/NAME mc/MODULE_CREDIT pre/PREREQMODULES
Mar 27, 2020 5:43:24 PM seedu.duke.Duke run
WARNING: Input Error: invalid 'add' command
Please enter your command again! Format:
add id/ID n/NAME mc/MODULE_CREDIT pre/PREREQMODULES
Mar 27, 2020 5:43:34 PM seedu.duke.Duke run
WARNING: Input Error: invalid 'add' command
Please enter your command again! Format:
add id/ID n/NAME mc/MODULE_CREDIT pre/PREREQMODULES
Mar 28, 2020 6:04:33 PM seedu.duke.Duke run
WARNING: Input Error: invalid 'add' command
Please enter your command again! Format:
add id/ID s/SEMESTER mc/MODULE_CREDIT | add n/Name s/SEMESTER mc/MODULE_CREDIT | add id/ID n/Name s/SEMESTER mc/MODULE_CREDIT
Mar 28, 2020 6:19:08 PM seedu.duke.Duke run
WARNING: Input Error: invalid command
Please enter your command again!
Mar 28, 2020 6:19:27 PM seedu.duke.Duke run
WARNING: Input Error: invalid 'add' command
Please enter your command again! Format:
add id/ID s/SEMESTER mc/MODULE_CREDIT | add n/Name s/SEMESTER mc/MODULE_CREDIT | add id/ID n/Name s/SEMESTER mc/MODULE_CREDIT
Mar 28, 2020 9:21:12 PM seedu.duke.Duke run
WARNING: Input Error: invalid 'add' command
Please enter your command again! Format:
add id/ID n/NAME mc/MODULE_CREDIT pre/PREREQMODULES]
Mar 28, 2020 9:22:44 PM seedu.duke.Duke run
WARNING: Input Error: invalid 'add' command
Please enter your command again! Format:
add id/ID s/SEMESTER mc/MODULE_CREDIT | add n/Name s/SEMESTER mc/MODULE_CREDIT | add id/ID n/Name s/SEMESTER mc/MODULE_CREDIT
Mar 28, 2020 9:26:42 PM seedu.duke.Duke run
WARNING: Input Error: invalid 'done' command
Please enter your command again! Format:
done n/NAME g/GRADE | done id/ID g/GRADE
Mar 29, 2020 1:47:22 AM seedu.duke.Duke run
WARNING: Input Error: invalid 'add' command
Please enter your command again! Format:
add id/ID s/SEMESTER mc/MODULE_CREDIT | add n/Name s/SEMESTER mc/MODULE_CREDIT | add id/ID n/Name s/SEMESTER mc/MODULE_CREDIT
Mar 29, 2020 1:47:39 AM seedu.duke.Duke run
WARNING: Input Error: invalid 'add' command
Please enter your command again! Format:
add id/ID s/SEMESTER mc/MODULE_CREDIT | add n/Name s/SEMESTER mc/MODULE_CREDIT | add id/ID n/Name s/SEMESTER mc/MODULE_CREDIT
Mar 29, 2020 1:51:27 AM seedu.duke.Duke run
WARNING: Input Error: invalid command
Please enter your command again!
Mar 29, 2020 1:52:26 AM seedu.duke.Duke run
WARNING: Input Error: invalid command
Please enter your command again!
Mar 29, 2020 1:53:35 AM seedu.duke.Duke run
WARNING: Input Error: invalid command
Please enter your command again!
Mar 29, 2020 1:54:54 AM seedu.duke.Duke run
WARNING: Input Error: invalid command
Please enter your command again!
Mar 29, 2020 1:55:05 AM seedu.duke.Duke run
WARNING: Input Error: invalid command
Please enter your command again!
Mar 29, 2020 1:56:27 AM seedu.duke.Duke run
WARNING: Input Error: invalid command
Please enter your command again!
Mar 29, 2020 1:58:20 AM seedu.duke.Duke run
WARNING: Input Error: invalid command
Please enter your command again!
Mar 29, 2020 1:59:23 AM seedu.duke.Duke run
WARNING: Input Error: invalid command
Please enter your command again!
Mar 29, 2020 4:03:55 PM seedu.duke.Duke run
WARNING: Runtime Error: The module is already exist in your semester list!
Please enter your command again!
Mar 29, 2020 4:04:55 PM seedu.duke.Duke run
WARNING: Runtime Error: The module is already exist in your semester list!
Please enter your command again!
Mar 29, 2020 4:09:18 PM seedu.duke.Duke run
WARNING: Runtime Error: The module is already exist in your semester list!
Please enter your command again!
Mar 29, 2020 4:10:43 PM seedu.duke.Duke run
WARNING: Runtime Error: The module is already exist in your semester list!
Please enter your command again!
Mar 29, 2020 4:16:39 PM seedu.duke.Duke run
WARNING: Input Error: invalid command
Please enter your command again!
Mar 29, 2020 4:16:39 PM seedu.duke.Duke run
WARNING: Input Error: invalid command
Please enter your command again!
Mar 29, 2020 4:17:02 PM seedu.duke.Duke run
WARNING: Input Error: invalid command
Please enter your command again!
